<?xml version="1.0" encoding="UTF-8"?>
<!-- Generated by org.testng.reporters.JUnitXMLReporter -->
<testsuite ignored="1" hostname="SAGAR" failures="0" tests="3" name="OrangeHRMTest" time="69.79" errors="0" timestamp="2026-04-05T02:14:43 IST">
  <testcase classname="com.orangehrm.test.DummyClass" name="dummyTest" time="0.02"/>
  <testcase classname="com.orangehrm.test.LoginPageTest" name="invalidLoginTest" time="6.264"/>
  <testcase classname="com.orangehrm.test.LoginPageTest" name="verifyValidLoginTest" time="5.91"/>
  <testcase classname="base.BaseClass" name="@BeforeSuite loadConfig" time="0.0">
    <ignored/>
  </testcase> <!-- @BeforeSuite loadConfig -->
</testsuite> <!-- OrangeHRMTest -->
