<?xml version="1.0" encoding="UTF-8"?>
<!-- Generated by org.testng.reporters.JUnitXMLReporter -->
<testsuite ignored="1" hostname="SAGAR" failures="0" tests="2" name="OrangeHRMTest" time="2014.384" errors="0" timestamp="2026-03-27T02:58:07 IST">
  <testcase classname="com.orangehrm.test.DummyClass" name="dummyTest" time="0.015"/>
  <testcase classname="com.orangehrm.test.LoginPageTest" name="verifyValidLoginTest" time="2004.371"/>
  <testcase classname="base.BaseClass" name="@BeforeSuite loadConfig" time="0.0">
    <ignored/>
  </testcase> <!-- @BeforeSuite loadConfig -->
</testsuite> <!-- OrangeHRMTest -->
