<?xml version="1.0" encoding="UTF-8"?>
<testng-results ignored="0" total="2" passed="2" failed="0" skipped="0">
  <reporter-output>
  </reporter-output>
  <suite started-at="2026-04-05T02:21:37 IST" name="Default suite" finished-at="2026-04-05T02:22:09 IST" duration-ms="32780">
    <groups>
    </groups>
    <test started-at="2026-04-05T02:21:37 IST" name="Default test" finished-at="2026-04-05T02:22:09 IST" duration-ms="32780">
      <class name="com.orangehrm.test.LoginPageTest">
        <test-method is-config="true" signature="loadConfig()[pri:0, instance:com.orangehrm.test.LoginPageTest@4e096385]" started-at="2026-04-05T02:21:37 IST" name="loadConfig" finished-at="2026-04-05T02:21:37 IST" duration-ms="19" status="PASS">
          <reporter-output>
          </reporter-output>
        </test-method> <!-- loadConfig -->
        <test-method is-config="true" signature="setUp()[pri:0, instance:com.orangehrm.test.LoginPageTest@4e096385]" started-at="2026-04-05T02:21:37 IST" name="setUp" finished-at="2026-04-05T02:21:45 IST" duration-ms="7953" status="PASS">
          <reporter-output>
          </reporter-output>
        </test-method> <!-- setUp -->
        <test-method signature="invalidLoginTest()[pri:0, instance:com.orangehrm.test.LoginPageTest@4e096385]" started-at="2026-04-05T02:21:45 IST" name="invalidLoginTest" finished-at="2026-04-05T02:21:47 IST" duration-ms="2777" status="PASS">
          <reporter-output>
          </reporter-output>
        </test-method> <!-- invalidLoginTest -->
        <test-method is-config="true" signature="tearDown(org.testng.ITestResult)[pri:0, instance:com.orangehrm.test.LoginPageTest@4e096385]" started-at="2026-04-05T02:21:47 IST" name="tearDown" finished-at="2026-04-05T02:21:48 IST" duration-ms="990" status="PASS">
          <params>
            <param index="0">
              <value>
                <![CDATA[[TestResult name=invalidLoginTest status=SUCCESS method=LoginPageTest.invalidLoginTest()[pri:0, instance:com.orangehrm.test.LoginPageTest@4e096385] output={null}]]]>
              </value>
            </param>
          </params>
          <reporter-output>
          </reporter-output>
        </test-method> <!-- tearDown -->
        <test-method is-config="true" signature="setUp()[pri:0, instance:com.orangehrm.test.LoginPageTest@4e096385]" started-at="2026-04-05T02:21:48 IST" name="setUp" finished-at="2026-04-05T02:22:03 IST" duration-ms="14881" status="PASS">
          <reporter-output>
          </reporter-output>
        </test-method> <!-- setUp -->
        <test-method is-config="true" signature="tearDown()[pri:0, instance:com.orangehrm.test.LoginPageTest@4e096385]" started-at="2026-04-05T02:21:48 IST" name="tearDown" finished-at="2026-04-05T02:21:48 IST" duration-ms="0" status="PASS">
          <reporter-output>
          </reporter-output>
        </test-method> <!-- tearDown -->
        <test-method signature="verifyValidLoginTest()[pri:0, instance:com.orangehrm.test.LoginPageTest@4e096385]" started-at="2026-04-05T02:22:03 IST" name="verifyValidLoginTest" finished-at="2026-04-05T02:22:09 IST" duration-ms="5717" status="PASS">
          <reporter-output>
          </reporter-output>
        </test-method> <!-- verifyValidLoginTest -->
        <test-method is-config="true" signature="tearDown(org.testng.ITestResult)[pri:0, instance:com.orangehrm.test.LoginPageTest@4e096385]" started-at="2026-04-05T02:22:09 IST" name="tearDown" finished-at="2026-04-05T02:22:09 IST" duration-ms="412" status="PASS">
          <params>
            <param index="0">
              <value>
                <![CDATA[[TestResult name=verifyValidLoginTest status=SUCCESS method=LoginPageTest.verifyValidLoginTest()[pri:0, instance:com.orangehrm.test.LoginPageTest@4e096385] output={null}]]]>
              </value>
            </param>
          </params>
          <reporter-output>
          </reporter-output>
        </test-method> <!-- tearDown -->
        <test-method is-config="true" signature="tearDown()[pri:0, instance:com.orangehrm.test.LoginPageTest@4e096385]" started-at="2026-04-05T02:22:09 IST" name="tearDown" finished-at="2026-04-05T02:22:09 IST" duration-ms="0" status="PASS">
          <reporter-output>
          </reporter-output>
        </test-method> <!-- tearDown -->
      </class> <!-- com.orangehrm.test.LoginPageTest -->
    </test> <!-- Default test -->
  </suite> <!-- Default suite -->
</testng-results>
