<?xml version="1.0" encoding="UTF-8"?>
<testng-results ignored="0" total="1" passed="1" failed="0" skipped="0">
  <reporter-output>
  </reporter-output>
  <suite started-at="2026-03-27T02:29:57 IST" name="Default suite" finished-at="2026-03-27T03:03:22 IST" duration-ms="2004484">
    <groups>
    </groups>
    <test started-at="2026-03-27T02:29:57 IST" name="Default test" finished-at="2026-03-27T03:03:22 IST" duration-ms="2004484">
      <class name="com.orangehrm.test.LoginPageTest">
        <test-method is-config="true" signature="loadConfig()[pri:0, instance:com.orangehrm.test.LoginPageTest@5bda8e08]" started-at="2026-03-27T02:29:57 IST" name="loadConfig" finished-at="2026-03-27T02:29:57 IST" duration-ms="14" status="PASS">
          <reporter-output>
          </reporter-output>
        </test-method> <!-- loadConfig -->
        <test-method is-config="true" signature="setUp()[pri:0, instance:com.orangehrm.test.LoginPageTest@5bda8e08]" started-at="2026-03-27T02:29:57 IST" name="setUp" finished-at="2026-03-27T02:29:57 IST" duration-ms="34" status="PASS">
          <reporter-output>
          </reporter-output>
        </test-method> <!-- setUp -->
        <test-method signature="verifyValidLoginTest()[pri:0, instance:com.orangehrm.test.LoginPageTest@5bda8e08]" started-at="2026-03-27T02:29:57 IST" name="verifyValidLoginTest" finished-at="2026-03-27T03:03:22 IST" duration-ms="2004386" status="PASS">
          <reporter-output>
          </reporter-output>
        </test-method> <!-- verifyValidLoginTest -->
        <test-method is-config="true" signature="tearDown()[pri:0, instance:com.orangehrm.test.LoginPageTest@5bda8e08]" started-at="2026-03-27T03:03:22 IST" name="tearDown" finished-at="2026-03-27T03:03:22 IST" duration-ms="0" status="PASS">
          <reporter-output>
          </reporter-output>
        </test-method> <!-- tearDown -->
      </class> <!-- com.orangehrm.test.LoginPageTest -->
    </test> <!-- Default test -->
  </suite> <!-- Default suite -->
</testng-results>
