<?xml version="1.0" encoding="UTF-8"?>
<!-- Generated by org.testng.reporters.JUnitReportReporter -->
<testsuite hostname="SAGAR" failures="0" tests="2" name="com.orangehrm.test.LoginPageTest" time="32.730" errors="0" timestamp="2026-04-05T02:22:10 IST" skipped="0">
  <testcase classname="com.orangehrm.test.LoginPageTest" name="verifyValidLoginTest" time="14.660"/>
  <testcase classname="com.orangehrm.test.LoginPageTest" name="invalidLoginTest" time="18.070"/>
</testsuite> <!-- com.orangehrm.test.LoginPageTest -->
